<?xml version="1.0" encoding="UTF-8"?>
<testsuite name="com.fedex.aggregation.service.ContractVerifierTest" tests="1" skipped="0" failures="0" errors="0" timestamp="2023-04-19T15:43:10" hostname="Ferhats-MacBook-Pro.local" time="0.588">
  <properties/>
  <testcase name="validate_aggregationError()" classname="com.fedex.aggregation.service.ContractVerifierTest" time="0.588"/>
  <system-out><![CDATA[17:43:08.950 [Test worker] DEBUG org.springframework.boot.test.context.SpringBootTestContextBootstrapper -- Neither @ContextConfiguration nor @ContextHierarchy found for test class [ContractVerifierTest]: using SpringBootContextLoader
17:43:08.954 [Test worker] DEBUG org.springframework.test.context.support.AbstractContextLoader -- Could not detect default resource locations for test class [com.fedex.aggregation.service.ContractVerifierTest]: no resource found for suffixes {-context.xml, Context.groovy}.
17:43:09.103 [Test worker] DEBUG org.springframework.boot.test.context.SpringBootTestContextBootstrapper -- Using ContextCustomizers for test class [ContractVerifierTest]: [MockkContextCustomizer, DisableObservabilityContextCustomizer, PropertyMappingContextCustomizer, Customizer, ExcludeFilterContextCustomizer, DuplicateJsonObjectContextCustomizer, MockitoContextCustomizer, TestRestTemplateContextCustomizer, WebTestClientContextCustomizer]
17:43:09.151 [Test worker] DEBUG org.springframework.test.context.util.TestContextSpringFactoriesUtils -- Skipping candidate TestExecutionListener [org.springframework.test.context.web.ServletTestExecutionListener] due to a missing dependency. Specify custom TestExecutionListener classes or make the default TestExecutionListener classes and their required dependencies available. Offending class: [jakarta/servlet/ServletContext]
17:43:09.153 [Test worker] DEBUG org.springframework.test.context.util.TestContextSpringFactoriesUtils -- Skipping candidate TestExecutionListener [org.springframework.test.context.transaction.TransactionalTestExecutionListener] due to a missing dependency. Specify custom TestExecutionListener classes or make the default TestExecutionListener classes and their required dependencies available. Offending class: [org/springframework/transaction/interceptor/TransactionAttributeSource]
17:43:09.154 [Test worker] DEBUG org.springframework.test.context.util.TestContextSpringFactoriesUtils -- Skipping candidate TestExecutionListener [org.springframework.test.context.jdbc.SqlScriptsTestExecutionListener] due to a missing dependency. Specify custom TestExecutionListener classes or make the default TestExecutionListener classes and their required dependencies available. Offending class: [org/springframework/transaction/interceptor/TransactionAttribute]
17:43:09.155 [Test worker] DEBUG org.springframework.boot.test.context.SpringBootTestContextBootstrapper -- Using TestExecutionListeners for test class [ContractVerifierTest]: [DirtiesContextBeforeModesTestExecutionListener, ApplicationEventsTestExecutionListener, MockkTestExecutionListener, MockitoTestExecutionListener, DependencyInjectionTestExecutionListener, DirtiesContextTestExecutionListener, EventPublishingTestExecutionListener, ClearMocksTestExecutionListener, RestDocsTestExecutionListener, MockRestServiceServerResetTestExecutionListener, MockMvcPrintOnlyOnFailureTestExecutionListener, WebDriverTestExecutionListener, MockWebServiceServerTestExecutionListener, ResetMocksTestExecutionListener]
17:43:09.156 [Test worker] DEBUG org.springframework.test.context.support.AbstractDirtiesContextTestExecutionListener -- Before test class: class [ContractVerifierTest], class annotated with @DirtiesContext [false] with mode [null]

  .   ____          _            __ _ _
 /\\ / ___'_ __ _ _(_)_ __  __ _ \ \ \ \
( ( )\___ | '_ | '_| | '_ \/ _` | \ \ \ \
 \\/  ___)| |_)| | | | | || (_| |  ) ) ) )
  '  |____| .__|_| |_|_| |_\__, | / / / /
 =========|_|==============|___/=/_/_/_/
 :: Spring Boot ::                (v3.0.5)

2023-04-19T17:43:09.371+02:00  INFO 29464 --- [    Test worker] c.f.a.service.ContractVerifierTest       : Starting ContractVerifierTest using Java 17.0.6 with PID 29464 (started by ferhatbahceci in /Users/ferhatbahceci/projects/private/tmp/aggregation-service)
2023-04-19T17:43:09.372+02:00  INFO 29464 --- [    Test worker] c.f.a.service.ContractVerifierTest       : No active profile set, falling back to 1 default profile: "default"
2023-04-19T17:43:10.270+02:00  INFO 29464 --- [    Test worker] o.s.b.web.embedded.netty.NettyWebServer  : Netty started on port 52175
2023-04-19T17:43:10.276+02:00  INFO 29464 --- [    Test worker] c.f.a.service.ContractVerifierTest       : Started ContractVerifierTest in 1.032 seconds (process running for 1.751)
]]></system-out>
  <system-err><![CDATA[]]></system-err>
</testsuite>
