<?xml version="1.0" encoding="UTF-8"?>
<testsuite name="com.fedex.aggregation.service.ContractVerifierTest" tests="1" skipped="0" failures="0" errors="0" timestamp="2023-05-08T08:28:50" hostname="Ferhats-MacBook-Pro.local" time="0.557">
  <properties/>
  <testcase name="validate_aggregationResponse()" classname="com.fedex.aggregation.service.ContractVerifierTest" time="0.557"/>
  <system-out><![CDATA[10:28:49.373 [Test worker] DEBUG org.springframework.boot.test.context.SpringBootTestContextBootstrapper -- Neither @ContextConfiguration nor @ContextHierarchy found for test class [ContractVerifierTest]: using SpringBootContextLoader
10:28:49.377 [Test worker] DEBUG org.springframework.test.context.support.AbstractContextLoader -- Could not detect default resource locations for test class [com.fedex.aggregation.service.ContractVerifierTest]: no resource found for suffixes {-context.xml, Context.groovy}.
10:28:49.557 [Test worker] DEBUG org.springframework.boot.test.context.SpringBootTestContextBootstrapper -- Using ContextCustomizers for test class [ContractVerifierTest]: [MockkContextCustomizer, DisableObservabilityContextCustomizer, PropertyMappingContextCustomizer, Customizer, ExcludeFilterContextCustomizer, DuplicateJsonObjectContextCustomizer, MockitoContextCustomizer, TestRestTemplateContextCustomizer, WebTestClientContextCustomizer]
10:28:49.603 [Test worker] DEBUG org.springframework.test.context.util.TestContextSpringFactoriesUtils -- Skipping candidate TestExecutionListener [org.springframework.test.context.web.ServletTestExecutionListener] due to a missing dependency. Specify custom TestExecutionListener classes or make the default TestExecutionListener classes and their required dependencies available. Offending class: [jakarta/servlet/ServletContext]
10:28:49.605 [Test worker] DEBUG org.springframework.test.context.util.TestContextSpringFactoriesUtils -- Skipping candidate TestExecutionListener [org.springframework.test.context.transaction.TransactionalTestExecutionListener] due to a missing dependency. Specify custom TestExecutionListener classes or make the default TestExecutionListener classes and their required dependencies available. Offending class: [org/springframework/transaction/interceptor/TransactionAttributeSource]
10:28:49.606 [Test worker] DEBUG org.springframework.test.context.util.TestContextSpringFactoriesUtils -- Skipping candidate TestExecutionListener [org.springframework.test.context.jdbc.SqlScriptsTestExecutionListener] due to a missing dependency. Specify custom TestExecutionListener classes or make the default TestExecutionListener classes and their required dependencies available. Offending class: [org/springframework/transaction/interceptor/TransactionAttribute]
10:28:49.606 [Test worker] DEBUG org.springframework.boot.test.context.SpringBootTestContextBootstrapper -- Using TestExecutionListeners for test class [ContractVerifierTest]: [DirtiesContextBeforeModesTestExecutionListener, ApplicationEventsTestExecutionListener, MockkTestExecutionListener, MockitoTestExecutionListener, DependencyInjectionTestExecutionListener, DirtiesContextTestExecutionListener, EventPublishingTestExecutionListener, ClearMocksTestExecutionListener, RestDocsTestExecutionListener, MockRestServiceServerResetTestExecutionListener, MockMvcPrintOnlyOnFailureTestExecutionListener, WebDriverTestExecutionListener, MockWebServiceServerTestExecutionListener, ResetMocksTestExecutionListener]
10:28:49.607 [Test worker] DEBUG org.springframework.test.context.support.AbstractDirtiesContextTestExecutionListener -- Before test class: class [ContractVerifierTest], class annotated with @DirtiesContext [false] with mode [null]

  .   ____          _            __ _ _
 /\\ / ___'_ __ _ _(_)_ __  __ _ \ \ \ \
( ( )\___ | '_ | '_| | '_ \/ _` | \ \ \ \
 \\/  ___)| |_)| | | | | || (_| |  ) ) ) )
  '  |____| .__|_| |_|_| |_\__, | / / / /
 =========|_|==============|___/=/_/_/_/
 :: Spring Boot ::                (v3.0.5)

2023-05-08T10:28:49.833+02:00  INFO 48895 --- [    Test worker] c.f.a.service.ContractVerifierTest       : Starting ContractVerifierTest using Java 17.0.6 with PID 48895 (started by ferhatbahceci in /Users/ferhatbahceci/projects/private/tmp/aggregation-service)
2023-05-08T10:28:49.834+02:00  INFO 48895 --- [    Test worker] c.f.a.service.ContractVerifierTest       : No active profile set, falling back to 1 default profile: "default"
2023-05-08T10:28:50.850+02:00  INFO 48895 --- [    Test worker] o.s.b.web.embedded.netty.NettyWebServer  : Netty started on port 50150
2023-05-08T10:28:50.855+02:00  INFO 48895 --- [    Test worker] c.f.a.service.ContractVerifierTest       : Started ContractVerifierTest in 1.165 seconds (process running for 1.924)
]]></system-out>
  <system-err><![CDATA[]]></system-err>
</testsuite>
