<?xml version="1.0" encoding="UTF-8"?>
<testsuite name="com.fedex.aggregation.service.OverLoadingPreventionHandlerUnitTest" tests="3" skipped="0" failures="0" errors="0" timestamp="2023-04-20T12:45:13" hostname="Ferhats-MacBook-Pro.local" time="0.077">
  <properties/>
  <testcase name="testPricingOverLoadingPreventionHandler()" classname="com.fedex.aggregation.service.OverLoadingPreventionHandlerUnitTest" time="0.055"/>
  <testcase name="testShipmentOverLoadingPreventionHandler()" classname="com.fedex.aggregation.service.OverLoadingPreventionHandlerUnitTest" time="0.004"/>
  <testcase name="testTrackingOverLoadingPreventionHandler()" classname="com.fedex.aggregation.service.OverLoadingPreventionHandlerUnitTest" time="0.003"/>
  <system-out><![CDATA[14:45:11.714 [Test worker] DEBUG org.springframework.boot.test.context.SpringBootTestContextBootstrapper -- Neither @ContextConfiguration nor @ContextHierarchy found for test class [OverLoadingPreventionHandlerUnitTest]: using SpringBootContextLoader
14:45:11.718 [Test worker] DEBUG org.springframework.test.context.support.AbstractContextLoader -- Could not detect default resource locations for test class [com.fedex.aggregation.service.OverLoadingPreventionHandlerUnitTest]: no resource found for suffixes {-context.xml, Context.groovy}.
14:45:11.878 [Test worker] DEBUG org.springframework.boot.test.context.SpringBootTestContextBootstrapper -- Using ContextCustomizers for test class [OverLoadingPreventionHandlerUnitTest]: [MockkContextCustomizer, DisableObservabilityContextCustomizer, PropertyMappingContextCustomizer, Customizer, ExcludeFilterContextCustomizer, DuplicateJsonObjectContextCustomizer, MockitoContextCustomizer, TestRestTemplateContextCustomizer, WebTestClientContextCustomizer]
14:45:11.932 [Test worker] DEBUG org.springframework.test.context.util.TestContextSpringFactoriesUtils -- Skipping candidate TestExecutionListener [org.springframework.test.context.web.ServletTestExecutionListener] due to a missing dependency. Specify custom TestExecutionListener classes or make the default TestExecutionListener classes and their required dependencies available. Offending class: [jakarta/servlet/ServletContext]
14:45:11.934 [Test worker] DEBUG org.springframework.test.context.util.TestContextSpringFactoriesUtils -- Skipping candidate TestExecutionListener [org.springframework.test.context.transaction.TransactionalTestExecutionListener] due to a missing dependency. Specify custom TestExecutionListener classes or make the default TestExecutionListener classes and their required dependencies available. Offending class: [org/springframework/transaction/interceptor/TransactionAttributeSource]
14:45:11.935 [Test worker] DEBUG org.springframework.test.context.util.TestContextSpringFactoriesUtils -- Skipping candidate TestExecutionListener [org.springframework.test.context.jdbc.SqlScriptsTestExecutionListener] due to a missing dependency. Specify custom TestExecutionListener classes or make the default TestExecutionListener classes and their required dependencies available. Offending class: [org/springframework/transaction/interceptor/TransactionAttribute]
14:45:11.936 [Test worker] DEBUG org.springframework.boot.test.context.SpringBootTestContextBootstrapper -- Using TestExecutionListeners for test class [OverLoadingPreventionHandlerUnitTest]: [DirtiesContextBeforeModesTestExecutionListener, ApplicationEventsTestExecutionListener, MockkTestExecutionListener, MockitoTestExecutionListener, DependencyInjectionTestExecutionListener, DirtiesContextTestExecutionListener, EventPublishingTestExecutionListener, ClearMocksTestExecutionListener, RestDocsTestExecutionListener, MockRestServiceServerResetTestExecutionListener, MockMvcPrintOnlyOnFailureTestExecutionListener, WebDriverTestExecutionListener, MockWebServiceServerTestExecutionListener, ResetMocksTestExecutionListener]
14:45:11.936 [Test worker] DEBUG org.springframework.test.context.support.AbstractDirtiesContextTestExecutionListener -- Before test class: class [OverLoadingPreventionHandlerUnitTest], class annotated with @DirtiesContext [false] with mode [null]

  .   ____          _            __ _ _
 /\\ / ___'_ __ _ _(_)_ __  __ _ \ \ \ \
( ( )\___ | '_ | '_| | '_ \/ _` | \ \ \ \
 \\/  ___)| |_)| | | | | || (_| |  ) ) ) )
  '  |____| .__|_| |_|_| |_\__, | / / / /
 =========|_|==============|___/=/_/_/_/
 :: Spring Boot ::                (v3.0.5)

2023-04-20T14:45:12.163+02:00  INFO 84742 --- [    Test worker] a.s.OverLoadingPreventionHandlerUnitTest : Starting OverLoadingPreventionHandlerUnitTest using Java 17.0.6 with PID 84742 (started by ferhatbahceci in /Users/ferhatbahceci/projects/private/tmp/aggregation-service)
2023-04-20T14:45:12.164+02:00  INFO 84742 --- [    Test worker] a.s.OverLoadingPreventionHandlerUnitTest : No active profile set, falling back to 1 default profile: "default"
2023-04-20T14:45:13.239+02:00  INFO 84742 --- [    Test worker] o.s.b.web.embedded.netty.NettyWebServer  : Netty started on port 56881
2023-04-20T14:45:13.245+02:00  INFO 84742 --- [    Test worker] a.s.OverLoadingPreventionHandlerUnitTest : Started OverLoadingPreventionHandlerUnitTest in 1.227 seconds (process running for 1.978)
]]></system-out>
  <system-err><![CDATA[]]></system-err>
</testsuite>
