<?xml version="1.0" encoding="UTF-8"?>
<testsuite name="com.fedex.aggregation.service.StringUtilUntilTest" tests="5" skipped="0" failures="0" errors="0" timestamp="2023-04-24T01:42:25" hostname="Ferhats-MacBook-Pro.local" time="0.005">
  <properties/>
  <testcase name="testGetStringSetFromString()" classname="com.fedex.aggregation.service.StringUtilUntilTest" time="0.001"/>
  <testcase name="testEmpty()" classname="com.fedex.aggregation.service.StringUtilUntilTest" time="0.003"/>
  <testcase name="testNull()" classname="com.fedex.aggregation.service.StringUtilUntilTest" time="0.0"/>
  <testcase name="testGetStringFromList()" classname="com.fedex.aggregation.service.StringUtilUntilTest" time="0.0"/>
  <testcase name="testGetLongListFromString()" classname="com.fedex.aggregation.service.StringUtilUntilTest" time="0.0"/>
  <system-out><![CDATA[]]></system-out>
  <system-err><![CDATA[]]></system-err>
</testsuite>
